In file included from [01m[K/root/li_battery_ws/src/Li_Battery_Diagnostic_Module/src/battery_diagnostic_core.cpp:1[m[K:
[01m[K/root/li_battery_ws/src/Li_Battery_Diagnostic_Module/include/battery_diagnostic/battery_diagnostic_core.hpp:4:10:[m[K [01;31m[Kfatal error: [m[Kros/ros.h: No such file or directory
    4 | #include [01;31m[K<ros/ros.h>[m[K
      |          [01;31m[K^~~~~~~~~~~[m[K
compilation terminated.
gmake[2]: *** [CMakeFiles/li_battery_diagnostic_module.dir/build.make:104: CMakeFiles/li_battery_diagnostic_module.dir/src/battery_diagnostic_core.cpp.o] Error 1
gmake[2]: *** Waiting for unfinished jobs....
[01m[K/root/li_battery_ws/src/Li_Battery_Diagnostic_Module/src/diagnostic_algorithm/cell_voltage_analysis.cpp:[m[K In member function â€˜[01m[Kint CellVoltageAnalysis::identifyFaultyCell()[m[Kâ€™:
[01m[K/root/li_battery_ws/src/Li_Battery_Diagnostic_Module/src/diagnostic_algorithm/cell_voltage_analysis.cpp:7:78:[m[K [01;31m[Kerror: [m[Kexpected primary-expression before â€˜[01m[K;[m[Kâ€™ token
    7 |     std::vector<float> cell_voltages = /*...get voltages from the module...*/[01;31m[K;[m[K
      |                                                                              [01;31m[K^[m[K
[01m[K/root/li_battery_ws/src/Li_Battery_Diagnostic_Module/src/diagnostic_algorithm/battery_module.cpp:[m[K In member function â€˜[01m[Kfloat BatteryModule::calculateVoltageRange() const[m[Kâ€™:
[01m[K/root/li_battery_ws/src/Li_Battery_Diagnostic_Module/src/diagnostic_algorithm/battery_module.cpp:7:26:[m[K [01;31m[Kerror: [m[Kâ€˜[01m[Kmax_element[m[Kâ€™ was not declared in this scope
    7 |     float max_voltage = *[01;31m[Kmax_element[m[K(cell_voltages_.begin(), cell_voltages_.end());
      |                          [01;31m[K^~~~~~~~~~~[m[K
[01m[K/root/li_battery_ws/src/Li_Battery_Diagnostic_Module/src/diagnostic_algorithm/cell_voltage_analysis.cpp:14:32:[m[K [01;31m[Kerror: [m[Kâ€˜[01m[Kabs[m[Kâ€™ is not a member of â€˜[01m[Kstd[m[Kâ€™
   14 |         float deviation = std::[01;31m[Kabs[m[K(cell_voltages[i] - average_voltage);
      |                                [01;31m[K^~~[m[K
[01m[K/root/li_battery_ws/src/Li_Battery_Diagnostic_Module/src/diagnostic_algorithm/battery_module.cpp:8:26:[m[K [01;31m[Kerror: [m[Kâ€˜[01m[Kmin_element[m[Kâ€™ was not declared in this scope
    8 |     float min_voltage = *[01;31m[Kmin_element[m[K(cell_voltages_.begin(), cell_voltages_.end());
      |                          [01;31m[K^~~~~~~~~~~[m[K
[01m[K/root/li_battery_ws/src/Li_Battery_Diagnostic_Module/src/diagnostic_algorithm/battery_module.cpp:[m[K In member function â€˜[01m[Kfloat BatteryModule::calculateAverageVoltage() const[m[Kâ€™:
[01m[K/root/li_battery_ws/src/Li_Battery_Diagnostic_Module/src/diagnostic_algorithm/battery_module.cpp:14:22:[m[K [01;31m[Kerror: [m[Kâ€˜[01m[Kaccumulate[m[Kâ€™ is not a member of â€˜[01m[Kstd[m[Kâ€™
   14 |     float sum = std::[01;31m[Kaccumulate[m[K(cell_voltages_.begin(), cell_voltages_.end(), 0.0f);
      |                      [01;31m[K^~~~~~~~~~[m[K
gmake[2]: *** [CMakeFiles/li_battery_diagnostic_module.dir/build.make:90: CMakeFiles/li_battery_diagnostic_module.dir/src/diagnostic_algorithm/cell_voltage_analysis.cpp.o] Error 1
gmake[2]: *** [CMakeFiles/li_battery_diagnostic_module.dir/build.make:76: CMakeFiles/li_battery_diagnostic_module.dir/src/diagnostic_algorithm/battery_module.cpp.o] Error 1
gmake[1]: *** [CMakeFiles/Makefile2:139: CMakeFiles/li_battery_diagnostic_module.dir/all] Error 2
gmake: *** [Makefile:146: all] Error 2
