[0.043s] Invoking command in '/root/li_battery_ws/build/li_battery_diagnostic_module': CMAKE_PREFIX_PATH=/opt/ros/humble /usr/bin/cmake /root/li_battery_ws/src/Li_Battery_Diagnostic_Module -DAMENT_CMAKE_SYMLINK_INSTALL=1 -DCMAKE_INSTALL_PREFIX=/root/li_battery_ws/install/li_battery_diagnostic_module
[0.086s] -- The C compiler identification is GNU 11.4.0
[0.131s] -- The CXX compiler identification is GNU 11.4.0
[0.137s] -- Detecting C compiler ABI info
[0.190s] -- Detecting C compiler ABI info - done
[0.196s] -- Check for working C compiler: /usr/bin/cc - skipped
[0.196s] -- Detecting C compile features
[0.197s] -- Detecting C compile features - done
[0.199s] -- Detecting CXX compiler ABI info
[0.260s] -- Detecting CXX compiler ABI info - done
[0.267s] -- Check for working CXX compiler: /usr/bin/c++ - skipped
[0.267s] -- Detecting CXX compile features
[0.268s] -- Detecting CXX compile features - done
[0.270s] -- Found ament_cmake: 1.3.6 (/opt/ros/humble/share/ament_cmake/cmake)
[0.406s] -- Found Python3: /usr/bin/python3.10 (found version "3.10.12") found components: Interpreter 
[0.457s] -- Override CMake install command with custom implementation using symlinks instead of copying resources
[0.479s] -- Found rclcpp: 16.0.7 (/opt/ros/humble/share/rclcpp/cmake)
[0.516s] -- Found rosidl_generator_c: 3.1.5 (/opt/ros/humble/share/rosidl_generator_c/cmake)
[0.521s] -- Found rosidl_adapter: 3.1.5 (/opt/ros/humble/share/rosidl_adapter/cmake)
[0.528s] -- Found rosidl_generator_cpp: 3.1.5 (/opt/ros/humble/share/rosidl_generator_cpp/cmake)
[0.541s] -- Using all available rosidl_typesupport_c: rosidl_typesupport_fastrtps_c;rosidl_typesupport_introspection_c
[0.560s] -- Using all available rosidl_typesupport_cpp: rosidl_typesupport_fastrtps_cpp;rosidl_typesupport_introspection_cpp
[0.626s] -- Found rmw_implementation_cmake: 6.1.1 (/opt/ros/humble/share/rmw_implementation_cmake/cmake)
[0.628s] -- Found rmw_fastrtps_cpp: 6.2.5 (/opt/ros/humble/share/rmw_fastrtps_cpp/cmake)
[0.708s] -- Found OpenSSL: /usr/lib/x86_64-linux-gnu/libcrypto.so (found version "3.0.2")  
[0.731s] -- Found FastRTPS: /opt/ros/humble/include  
[0.773s] -- Using RMW implementation 'rmw_fastrtps_cpp' as default
[0.782s] -- Looking for pthread.h
[0.839s] -- Looking for pthread.h - found
[0.839s] -- Performing Test CMAKE_HAVE_LIBC_PTHREAD
[0.897s] -- Performing Test CMAKE_HAVE_LIBC_PTHREAD - Success
[0.898s] -- Found Threads: TRUE  
[1.053s] -- Found sensor_msgs: 4.2.3 (/opt/ros/humble/share/sensor_msgs/cmake)
[1.235s] -- Configuring done
[1.247s] -- Generating done
[1.248s] -- Build files have been written to: /root/li_battery_ws/build/li_battery_diagnostic_module
[1.254s] Invoked command in '/root/li_battery_ws/build/li_battery_diagnostic_module' returned '0': CMAKE_PREFIX_PATH=/opt/ros/humble /usr/bin/cmake /root/li_battery_ws/src/Li_Battery_Diagnostic_Module -DAMENT_CMAKE_SYMLINK_INSTALL=1 -DCMAKE_INSTALL_PREFIX=/root/li_battery_ws/install/li_battery_diagnostic_module
[1.256s] Invoking command in '/root/li_battery_ws/build/li_battery_diagnostic_module': CMAKE_PREFIX_PATH=/opt/ros/humble /usr/bin/cmake --build /root/li_battery_ws/build/li_battery_diagnostic_module -- -j8 -l8
[1.295s] [ 16%] [32mBuilding CXX object CMakeFiles/li_battery_diagnostic_module.dir/src/diagnostic_algorithm/battery_module.cpp.o[0m
[1.297s] [ 33%] [32mBuilding CXX object CMakeFiles/li_battery_diagnostic_module.dir/src/diagnostic_algorithm/cell_voltage_analysis.cpp.o[0m
[1.297s] [ 50%] [32mBuilding CXX object CMakeFiles/li_battery_diagnostic_module.dir/src/battery_diagnostic_core.cpp.o[0m
[1.305s] In file included from [01m[K/root/li_battery_ws/src/Li_Battery_Diagnostic_Module/src/battery_diagnostic_core.cpp:1[m[K:
[1.305s] [01m[K/root/li_battery_ws/src/Li_Battery_Diagnostic_Module/include/battery_diagnostic/battery_diagnostic_core.hpp:4:10:[m[K [01;31m[Kfatal error: [m[Kros/ros.h: No such file or directory
[1.305s]     4 | #include [01;31m[K<ros/ros.h>[m[K
[1.305s]       |          [01;31m[K^~~~~~~~~~~[m[K
[1.305s] compilation terminated.
[1.306s] gmake[2]: *** [CMakeFiles/li_battery_diagnostic_module.dir/build.make:104: CMakeFiles/li_battery_diagnostic_module.dir/src/battery_diagnostic_core.cpp.o] Error 1
[1.306s] gmake[2]: *** Waiting for unfinished jobs....
[1.376s] [01m[K/root/li_battery_ws/src/Li_Battery_Diagnostic_Module/src/diagnostic_algorithm/cell_voltage_analysis.cpp:[m[K In member function â€˜[01m[Kint CellVoltageAnalysis::identifyFaultyCell()[m[Kâ€™:
[1.376s] [01m[K/root/li_battery_ws/src/Li_Battery_Diagnostic_Module/src/diagnostic_algorithm/cell_voltage_analysis.cpp:7:78:[m[K [01;31m[Kerror: [m[Kexpected primary-expression before â€˜[01m[K;[m[Kâ€™ token
[1.376s]     7 |     std::vector<float> cell_voltages = /*...get voltages from the module...*/[01;31m[K;[m[K
[1.376s]       |                                                                              [01;31m[K^[m[K
[1.376s] [01m[K/root/li_battery_ws/src/Li_Battery_Diagnostic_Module/src/diagnostic_algorithm/battery_module.cpp:[m[K In member function â€˜[01m[Kfloat BatteryModule::calculateVoltageRange() const[m[Kâ€™:
[1.376s] [01m[K/root/li_battery_ws/src/Li_Battery_Diagnostic_Module/src/diagnostic_algorithm/battery_module.cpp:7:26:[m[K [01;31m[Kerror: [m[Kâ€˜[01m[Kmax_element[m[Kâ€™ was not declared in this scope
[1.377s]     7 |     float max_voltage = *[01;31m[Kmax_element[m[K(cell_voltages_.begin(), cell_voltages_.end());
[1.377s]       |                          [01;31m[K^~~~~~~~~~~[m[K
[1.377s] [01m[K/root/li_battery_ws/src/Li_Battery_Diagnostic_Module/src/diagnostic_algorithm/cell_voltage_analysis.cpp:14:32:[m[K [01;31m[Kerror: [m[Kâ€˜[01m[Kabs[m[Kâ€™ is not a member of â€˜[01m[Kstd[m[Kâ€™
[1.377s]    14 |         float deviation = std::[01;31m[Kabs[m[K(cell_voltages[i] - average_voltage);
[1.377s]       |                                [01;31m[K^~~[m[K
[1.377s] [01m[K/root/li_battery_ws/src/Li_Battery_Diagnostic_Module/src/diagnostic_algorithm/battery_module.cpp:8:26:[m[K [01;31m[Kerror: [m[Kâ€˜[01m[Kmin_element[m[Kâ€™ was not declared in this scope
[1.377s]     8 |     float min_voltage = *[01;31m[Kmin_element[m[K(cell_voltages_.begin(), cell_voltages_.end());
[1.377s]       |                          [01;31m[K^~~~~~~~~~~[m[K
[1.377s] [01m[K/root/li_battery_ws/src/Li_Battery_Diagnostic_Module/src/diagnostic_algorithm/battery_module.cpp:[m[K In member function â€˜[01m[Kfloat BatteryModule::calculateAverageVoltage() const[m[Kâ€™:
[1.377s] [01m[K/root/li_battery_ws/src/Li_Battery_Diagnostic_Module/src/diagnostic_algorithm/battery_module.cpp:14:22:[m[K [01;31m[Kerror: [m[Kâ€˜[01m[Kaccumulate[m[Kâ€™ is not a member of â€˜[01m[Kstd[m[Kâ€™
[1.377s]    14 |     float sum = std::[01;31m[Kaccumulate[m[K(cell_voltages_.begin(), cell_voltages_.end(), 0.0f);
[1.377s]       |                      [01;31m[K^~~~~~~~~~[m[K
[1.383s] gmake[2]: *** [CMakeFiles/li_battery_diagnostic_module.dir/build.make:90: CMakeFiles/li_battery_diagnostic_module.dir/src/diagnostic_algorithm/cell_voltage_analysis.cpp.o] Error 1
[1.383s] gmake[2]: *** [CMakeFiles/li_battery_diagnostic_module.dir/build.make:76: CMakeFiles/li_battery_diagnostic_module.dir/src/diagnostic_algorithm/battery_module.cpp.o] Error 1
[1.383s] gmake[1]: *** [CMakeFiles/Makefile2:139: CMakeFiles/li_battery_diagnostic_module.dir/all] Error 2
[1.384s] gmake: *** [Makefile:146: all] Error 2
[1.385s] Invoked command in '/root/li_battery_ws/build/li_battery_diagnostic_module' returned '2': CMAKE_PREFIX_PATH=/opt/ros/humble /usr/bin/cmake --build /root/li_battery_ws/build/li_battery_diagnostic_module -- -j8 -l8
