[0.044s] Invoking command in '/root/li_battery_ws/build/li_battery_diagnostic_module': CMAKE_PREFIX_PATH=/opt/ros/humble /usr/bin/cmake --build /root/li_battery_ws/build/li_battery_diagnostic_module -- -j8 -l8
[0.077s] [35m[1mConsolidate compiler generated dependencies of target li_battery_diagnostic_module[0m
[0.090s] [ 16%] [32mBuilding CXX object CMakeFiles/li_battery_diagnostic_module.dir/src/diagnostic_algorithm/cell_voltage_analysis.cpp.o[0m
[0.094s] [ 33%] [32mBuilding CXX object CMakeFiles/li_battery_diagnostic_module.dir/src/battery_diagnostic_core.cpp.o[0m
[0.354s] [01m[K/root/li_battery_ws/src/Li_Battery_Diagnostic_Module/src/diagnostic_algorithm/cell_voltage_analysis.cpp:[m[K In member function â€˜[01m[Kint CellVoltageAnalysis::identifyFaultyCell()[m[Kâ€™:
[0.354s] [01m[K/root/li_battery_ws/src/Li_Battery_Diagnostic_Module/src/diagnostic_algorithm/cell_voltage_analysis.cpp:8:48:[m[K [01;31m[Kerror: [m[Kâ€˜[01m[Kclass BatteryModule[m[Kâ€™ has no member named â€˜[01m[KgetCellVoltages[m[Kâ€™
[0.354s]     8 |     std::vector<float> cell_voltages = module_.[01;31m[KgetCellVoltages[m[K();  // Assumed method
[0.354s]       |                                                [01;31m[K^~~~~~~~~~~~~~~[m[K
[0.383s] gmake[2]: *** [CMakeFiles/li_battery_diagnostic_module.dir/build.make:90: CMakeFiles/li_battery_diagnostic_module.dir/src/diagnostic_algorithm/cell_voltage_analysis.cpp.o] Error 1
[0.383s] gmake[2]: *** Waiting for unfinished jobs....
[7.097s] gmake[1]: *** [CMakeFiles/Makefile2:139: CMakeFiles/li_battery_diagnostic_module.dir/all] Error 2
[7.097s] gmake: *** [Makefile:146: all] Error 2
[7.098s] Invoked command in '/root/li_battery_ws/build/li_battery_diagnostic_module' returned '2': CMAKE_PREFIX_PATH=/opt/ros/humble /usr/bin/cmake --build /root/li_battery_ws/build/li_battery_diagnostic_module -- -j8 -l8
