[0.044s] Invoking command in '/root/li_battery_ws/build/li_battery_diagnostic_module': CMAKE_PREFIX_PATH=/opt/ros/humble /usr/bin/cmake --build /root/li_battery_ws/build/li_battery_diagnostic_module -- -j8 -l8
[0.078s] [35m[1mConsolidate compiler generated dependencies of target li_battery_diagnostic_module[0m
[0.091s] [ 16%] [32mBuilding CXX object CMakeFiles/li_battery_diagnostic_module.dir/src/diagnostic_algorithm/battery_module.cpp.o[0m
[0.092s] [ 33%] [32mBuilding CXX object CMakeFiles/li_battery_diagnostic_module.dir/src/diagnostic_algorithm/cell_voltage_analysis.cpp.o[0m
[0.096s] [ 50%] [32mBuilding CXX object CMakeFiles/li_battery_diagnostic_module.dir/src/battery_diagnostic_core.cpp.o[0m
[0.368s] [01m[K/root/li_battery_ws/src/Li_Battery_Diagnostic_Module/src/diagnostic_algorithm/cell_voltage_analysis.cpp:[m[K In member function â€˜[01m[Kint CellVoltageAnalysis::identifyFaultyCell()[m[Kâ€™:
[0.369s] [01m[K/root/li_battery_ws/src/Li_Battery_Diagnostic_Module/src/diagnostic_algorithm/cell_voltage_analysis.cpp:9:48:[m[K [01;31m[Kerror: [m[Kâ€˜[01m[Kclass BatteryModule[m[Kâ€™ has no member named â€˜[01m[Kcell_voltages[m[Kâ€™; did you mean â€˜[01m[Kstd::vector<float> BatteryModule::cell_voltages_[m[Kâ€™? (not accessible from this context)
[0.369s]     9 |     std::vector<float> cell_voltages = module_.[01;31m[Kcell_voltages[m[K;
[0.369s]       |                                                [01;31m[K^~~~~~~~~~~~~[m[K
[0.369s] In file included from [01m[K/root/li_battery_ws/src/Li_Battery_Diagnostic_Module/include/battery_diagnostic/diagnostic_algorithm/cell_voltage_analysis.hpp:6[m[K,
[0.369s]                  from [01m[K/root/li_battery_ws/src/Li_Battery_Diagnostic_Module/src/diagnostic_algorithm/cell_voltage_analysis.cpp:1[m[K:
[0.369s] [01m[K/root/li_battery_ws/src/Li_Battery_Diagnostic_Module/include/battery_diagnostic/diagnostic_algorithm/battery_module.hpp:17:24:[m[K [01;36m[Knote: [m[Kdeclared private here
[0.369s]    17 |     std::vector<float> [01;36m[Kcell_voltages_[m[K;
[0.369s]       |                        [01;36m[K^~~~~~~~~~~~~~[m[K
[0.397s] gmake[2]: *** [CMakeFiles/li_battery_diagnostic_module.dir/build.make:90: CMakeFiles/li_battery_diagnostic_module.dir/src/diagnostic_algorithm/cell_voltage_analysis.cpp.o] Error 1
[0.397s] gmake[2]: *** Waiting for unfinished jobs....
[7.095s] gmake[1]: *** [CMakeFiles/Makefile2:139: CMakeFiles/li_battery_diagnostic_module.dir/all] Error 2
[7.095s] gmake: *** [Makefile:146: all] Error 2
[7.097s] Invoked command in '/root/li_battery_ws/build/li_battery_diagnostic_module' returned '2': CMAKE_PREFIX_PATH=/opt/ros/humble /usr/bin/cmake --build /root/li_battery_ws/build/li_battery_diagnostic_module -- -j8 -l8
