[0.043s] Invoking command in '/root/li_battery_ws/build/li_battery_diagnostic_module': CMAKE_PREFIX_PATH=/opt/ros/humble /usr/bin/cmake --build /root/li_battery_ws/build/li_battery_diagnostic_module -- -j8 -l8
[0.075s] [35m[1mConsolidate compiler generated dependencies of target li_battery_diagnostic_module[0m
[0.085s] [ 50%] [32mBuilding CXX object CMakeFiles/li_battery_diagnostic_module.dir/src/diagnostic_algorithm/battery_module.cpp.o[0m
[0.085s] [ 50%] [32mBuilding CXX object CMakeFiles/li_battery_diagnostic_module.dir/src/diagnostic_algorithm/cell_voltage_analysis.cpp.o[0m
[0.085s] [ 50%] [32mBuilding CXX object CMakeFiles/li_battery_diagnostic_module.dir/src/battery_diagnostic_core.cpp.o[0m
[0.357s] [01m[K/root/li_battery_ws/src/Li_Battery_Diagnostic_Module/src/diagnostic_algorithm/cell_voltage_analysis.cpp:[m[K In member function â€˜[01m[Kint CellVoltageAnalysis::identifyFaultyCell()[m[Kâ€™:
[0.358s] [01m[K/root/li_battery_ws/src/Li_Battery_Diagnostic_Module/src/diagnostic_algorithm/cell_voltage_analysis.cpp:7:78:[m[K [01;31m[Kerror: [m[Kexpected primary-expression before â€˜[01m[K;[m[Kâ€™ token
[0.358s]     7 |     std::vector<float> cell_voltages = /*...get voltages from the module...*/[01;31m[K;[m[K
[0.358s]       |                                                                              [01;31m[K^[m[K
[0.389s] gmake[2]: *** [CMakeFiles/li_battery_diagnostic_module.dir/build.make:90: CMakeFiles/li_battery_diagnostic_module.dir/src/diagnostic_algorithm/cell_voltage_analysis.cpp.o] Error 1
[0.389s] gmake[2]: *** Waiting for unfinished jobs....
[2.086s] [01m[K/root/li_battery_ws/src/Li_Battery_Diagnostic_Module/src/battery_diagnostic_core.cpp:11:7:[m[K [01;31m[Kerror: [m[Kredefinition of â€˜[01m[Kclass BatteryDiagnosticCore[m[Kâ€™
[2.086s]    11 | class [01;31m[KBatteryDiagnosticCore[m[K : public rclcpp::Node {
[2.086s]       |       [01;31m[K^~~~~~~~~~~~~~~~~~~~~[m[K
[2.086s] In file included from [01m[K/root/li_battery_ws/src/Li_Battery_Diagnostic_Module/src/battery_diagnostic_core.cpp:1[m[K:
[2.086s] [01m[K/root/li_battery_ws/src/Li_Battery_Diagnostic_Module/include/battery_diagnostic/battery_diagnostic_core.hpp:11:7:[m[K [01;36m[Knote: [m[Kprevious definition of â€˜[01m[Kclass BatteryDiagnosticCore[m[Kâ€™
[2.086s]    11 | class [01;36m[KBatteryDiagnosticCore[m[K : public rclcpp::Node {
[2.086s]       |       [01;36m[K^~~~~~~~~~~~~~~~~~~~~[m[K
[4.144s] gmake[2]: *** [CMakeFiles/li_battery_diagnostic_module.dir/build.make:104: CMakeFiles/li_battery_diagnostic_module.dir/src/battery_diagnostic_core.cpp.o] Error 1
[4.144s] gmake[1]: *** [CMakeFiles/Makefile2:139: CMakeFiles/li_battery_diagnostic_module.dir/all] Error 2
[4.144s] gmake: *** [Makefile:146: all] Error 2
[4.145s] Invoked command in '/root/li_battery_ws/build/li_battery_diagnostic_module' returned '2': CMAKE_PREFIX_PATH=/opt/ros/humble /usr/bin/cmake --build /root/li_battery_ws/build/li_battery_diagnostic_module -- -j8 -l8
